    ____  ____
   /   /\/   /
  /___/  \  /    VENDOR      : Xilinx Inc.
  \   \   \/     VERSION     : 14.7 (P.20131013)
   \   \         APPLICATION : D:\XilinxISE\14.7\ISE_DS\ISE\bin\nt64\unwrapped\compxlib.exe
   /   /         CONTENTS    : Compilation Log
  /___/   /\     FILENAME    : compxlib.log
  \   \  /  \    
   \___\/\___\

Release 14.7 - D:\XilinxISE\14.7\ISE_DS\ISE\bin\nt64\unwrapped\compxlib.exe 14.7 (nt64)
Copyright (c) 1995-2013 Xilinx, Inc.  All rights reserved.

Processing command line ...
Reading the compxlib configuration file - 'compxlib.cfg' ...
Library Source Paths => 'D:/XilinxISE/14.7/ISE_DS/ISE'
Current Working Directory => 'D:\GitHub\FPGA'
Compilation Mode = FAST
Execute Mode = ON
Scheduling library installation & compilation for architectures: spartan6

Scheduling library installation & compilation for libraries: simprim unisim xilinxcorelib

Signature:-
------------------------------------------------------------------------------
D:\XilinxISE\14.7\ISE_DS\ISE\bin\nt64\unwrapped\compxlib.exe -s mti_se -l verilog -arch spartan6 -lib unisim -lib simprim -lib xilinxcorelib -intstyle ise 
------------------------------------------------------------------------------
ERROR:Compxlib - COMPXLIB[sim]: Unable to automatically find executables for simulator 'mti_se' from the following paths:
    D:\XilinxISE\14.7\ISE_DS\ISE\\lib\nt64
   D:\XilinxISE\14.7\ISE_DS\ISE\\bin\nt64
   C:\WINDOWS\system32
   C:\WINDOWS
   C:\WINDOWS\System32\Wbem
   C:\WINDOWS\System32\WindowsPowerShell\v1.0\
   d:\WinAVR-20100110\bin
   d:\WinAVR-20100110\utils\bin
   d:\OrCAD_16.6_Lite\OpenAccess\bin\win32\opt
   d:\OrCAD_16.6_Lite\tools\pcb\bin
   d:\OrCAD_16.6_Lite\tools\fet\bin
   d:\OrCAD_16.6_Lite\tools\Capture
   d:\OrCAD_16.6_Lite\tools\PSpice
   d:\OrCAD_16.6_Lite\tools\specctra\bin
   d:\OrCAD_16.6_Lite\tools\bin
   C:\Program Files (x86)\Nmap
   C:\Users\paul.LOCAL\AppData\Roaming\Boxstarter
   d:/MinGW/msys/1.0/local/lib
   D:\XilinxISE\14.7\ISE_DS\ISE\bin\nt64
   C:\Users\paul.LOCAL\AppData\Roaming\npm
   C:\Users\paul.LOCAL\AppData\Roaming\Dashlane\4.8.3.33797\bin\Firefox_Extension\{442718d9-475e-452a-b3e1-fb1ee16b8e9f}\components
   C:\Users\paul.LOCAL\AppData\Roaming\Dashlane\4.8.3.33797\ucrt
   C:\Users\paul.LOCAL\AppData\Local\GitHubDesktop\bin
   C:\Users\paul.LOCAL\AppData\Roaming\Dashlane\4.8.6.35647\bin\Firefox_Extension\{442718d9-475e-452a-b3e1-fb1ee16b8e9f}\components
   C:\Users\paul.LOCAL\AppData\Roaming\Dashlane\4.8.6.35647\ucrt.
Simulator 'mti_se' is ignored.
